[0.050s] Invoking command in '/home/sadurac/dev_ws/build/turtlesim': CMAKE_PREFIX_PATH=${CMAKE_PREFIX_PATH}:/home/sadurac/nav2_ws/install/nav2_gazebo_spawner:/opt/ros/foxy /usr/bin/cmake --build /home/sadurac/dev_ws/build/turtlesim -- -j4 -l4
[0.145s] [  1%] Built target turtlesim__cpp
[0.160s] [ 11%] Built target turtlesim__rosidl_generator_c
[0.208s] make[2]: *** No rule to make target '/opt/ros/foxy/lib/libfoonathan_memory-0.6.2.a', needed by 'libturtlesim__rosidl_typesupport_fastrtps_cpp.so'.  Stop.
[0.208s] make[1]: *** [CMakeFiles/Makefile2:619: CMakeFiles/turtlesim__rosidl_typesupport_fastrtps_cpp.dir/all] Error 2
[0.208s] make[1]: *** Waiting for unfinished jobs....
[0.217s] [ 21%] Built target turtlesim__rosidl_typesupport_cpp
[0.222s] [ 31%] Built target turtlesim__rosidl_typesupport_introspection_cpp
[0.224s] [ 41%] Built target turtlesim__rosidl_typesupport_c
[0.226s] make: *** [Makefile:141: all] Error 2
[0.228s] Invoked command in '/home/sadurac/dev_ws/build/turtlesim' returned '2': CMAKE_PREFIX_PATH=${CMAKE_PREFIX_PATH}:/home/sadurac/nav2_ws/install/nav2_gazebo_spawner:/opt/ros/foxy /usr/bin/cmake --build /home/sadurac/dev_ws/build/turtlesim -- -j4 -l4
